<?xml version="1.0" encoding="UTF-8"?>
<!-- Generated by org.testng.reporters.JUnitReportReporter -->
<testsuite skipped="0" hostname="DESKTOP-JIEC2LI" name="com.crm.tests.HomePageTest" tests="1" failures="0" timestamp="04 Mar 2020 12:53:24 GMT" time="25.751" errors="0">
  <testcase name="verifyContactsLinkTest" time="25.751" classname="com.crm.tests.HomePageTest"/>
</testsuite> <!-- com.crm.tests.HomePageTest -->
