<?xml version="1.0" encoding="UTF-8"?>
<!-- Generated by org.testng.reporters.JUnitReportReporter -->
<testsuite skipped="0" hostname="DESKTOP-JIEC2LI" name="com.crm.tests.ContactsPageTest" tests="2" failures="0" timestamp="05 Mar 2020 07:03:32 GMT" time="40.156" errors="0">
  <testcase name="validateselectContactsByName" time="19.986" classname="com.crm.tests.ContactsPageTest"/>
  <testcase name="validateselectContactsTest" time="20.170" classname="com.crm.tests.ContactsPageTest"/>
</testsuite> <!-- com.crm.tests.ContactsPageTest -->
