<?xml version="1.0" encoding="UTF-8"?>
<!-- Generated by org.testng.reporters.JUnitReportReporter -->
<testsuite skipped="0" hostname="DESKTOP-JIEC2LI" name="com.crm.tests.LoginPageTest" tests="4" failures="0" timestamp="04 Mar 2020 02:05:16 GMT" time="72.422" errors="0">
  <testcase name="loginPageTitleTest" time="21.078" classname="com.crm.tests.LoginPageTest"/>
  <testcase name="crmLogoImageTest" time="14.063" classname="com.crm.tests.LoginPageTest"/>
  <testcase name="loginTest" time="21.602" classname="com.crm.tests.LoginPageTest"/>
  <testcase name="featurePageTest" time="15.679" classname="com.crm.tests.LoginPageTest"/>
</testsuite> <!-- com.crm.tests.LoginPageTest -->
