<?xml version="1.0" encoding="UTF-8"?>
<!-- Generated by org.testng.reporters.JUnitReportReporter -->
<testsuite skipped="0" hostname="DESKTOP-JIEC2LI" name="com.parameters.ParametersTest" tests="1" failures="0" timestamp="03 Mar 2020 11:59:08 GMT" time="27.684" errors="0">
  <testcase name="gmailLoginTest" time="27.684" classname="com.parameters.ParametersTest"/>
</testsuite> <!-- com.parameters.ParametersTest -->
